{"/Users/alexeyponomarev/Documents/projects/sceleton/App.tsx": {"path":"/Users/alexeyponomarev/Documents/projects/sceleton/App.tsx","statementMap":{"0":{"start":{"line":14,"column":20},"end":{"line":17,"column":2}},"1":{"start":{"line":19,"column":21},"end":{"line":19,"column":69}},"2":{"start":{"line":21,"column":12},"end":{"line":37,"column":1}},"3":{"start":{"line":22,"column":2},"end":{"line":26,"column":9}},"4":{"start":{"line":23,"column":4},"end":{"line":25,"column":12}},"5":{"start":{"line":24,"column":6},"end":{"line":24,"column":26}},"6":{"start":{"line":28,"column":2},"end":{"line":36,"column":4}}},"fnMap":{"0":{"name":"(anonymous_0)","decl":{"start":{"line":21,"column":12},"end":{"line":21,"column":13}},"loc":{"start":{"line":21,"column":18},"end":{"line":37,"column":1}},"line":21},"1":{"name":"(anonymous_1)","decl":{"start":{"line":22,"column":12},"end":{"line":22,"column":13}},"loc":{"start":{"line":22,"column":18},"end":{"line":26,"column":3}},"line":22},"2":{"name":"(anonymous_2)","decl":{"start":{"line":23,"column":15},"end":{"line":23,"column":16}},"loc":{"start":{"line":23,"column":21},"end":{"line":25,"column":5}},"line":23}},"branchMap":{},"s":{"0":2,"1":2,"2":2,"3":1,"4":1,"5":0,"6":1},"f":{"0":1,"1":1,"2":0},"b":{},"_coverageSchema":"1a1c01bbd47fc00a2c39e90264f33305004495a9","hash":"e0b1d3fc35a38acde29bd04f87eb868cd1059112"}
,"/Users/alexeyponomarev/Documents/projects/sceleton/services/api/api.ts": {"path":"/Users/alexeyponomarev/Documents/projects/sceleton/services/api/api.ts","statementMap":{"0":{"start":{"line":4,"column":23},"end":{"line":4,"column":64}},"1":{"start":{"line":6,"column":19},"end":{"line":8,"column":2}},"2":{"start":{"line":10,"column":0},"end":{"line":21,"column":2}},"3":{"start":{"line":11,"column":14},"end":{"line":11,"column":22}},"4":{"start":{"line":13,"column":4},"end":{"line":19,"column":5}},"5":{"start":{"line":14,"column":6},"end":{"line":18,"column":9}},"6":{"start":{"line":23,"column":25},"end":{"line":29,"column":1}},"7":{"start":{"line":25,"column":2},"end":{"line":27,"column":5}},"8":{"start":{"line":26,"column":4},"end":{"line":26,"column":19}},"9":{"start":{"line":28,"column":2},"end":{"line":28,"column":18}}},"fnMap":{"0":{"name":"(anonymous_0)","decl":{"start":{"line":11,"column":2},"end":{"line":11,"column":3}},"loc":{"start":{"line":11,"column":14},"end":{"line":11,"column":22}},"line":11},"1":{"name":"(anonymous_1)","decl":{"start":{"line":12,"column":2},"end":{"line":12,"column":3}},"loc":{"start":{"line":12,"column":11},"end":{"line":20,"column":3}},"line":12},"2":{"name":"(anonymous_2)","decl":{"start":{"line":23,"column":25},"end":{"line":23,"column":26}},"loc":{"start":{"line":23,"column":47},"end":{"line":29,"column":1}},"line":23},"3":{"name":"(anonymous_3)","decl":{"start":{"line":25,"column":64},"end":{"line":25,"column":65}},"loc":{"start":{"line":25,"column":71},"end":{"line":27,"column":3}},"line":25}},"branchMap":{"0":{"loc":{"start":{"line":13,"column":4},"end":{"line":19,"column":5}},"type":"if","locations":[{"start":{"line":13,"column":4},"end":{"line":19,"column":5}},{"start":{"line":13,"column":4},"end":{"line":19,"column":5}}],"line":13},"1":{"loc":{"start":{"line":23,"column":26},"end":{"line":23,"column":42}},"type":"default-arg","locations":[{"start":{"line":23,"column":41},"end":{"line":23,"column":42}}],"line":23}},"s":{"0":2,"1":2,"2":2,"3":0,"4":0,"5":0,"6":2,"7":0,"8":0,"9":0},"f":{"0":0,"1":0,"2":0,"3":0},"b":{"0":[0,0],"1":[0]},"_coverageSchema":"1a1c01bbd47fc00a2c39e90264f33305004495a9","hash":"6a0a03f791b71ded4c183b2b443dd34a1872665d"}
,"/Users/alexeyponomarev/Documents/projects/sceleton/src/assets/images/spiral.webp": {"path":"/Users/alexeyponomarev/Documents/projects/sceleton/src/assets/images/spiral.webp","statementMap":{"0":{"start":{"line":1,"column":0},"end":{"line":4,"column":6}}},"fnMap":{},"branchMap":{},"s":{"0":1},"f":{},"b":{},"inputSourceMap":null,"_coverageSchema":"1a1c01bbd47fc00a2c39e90264f33305004495a9","hash":"8e505f321adfd38c7a22b049732c8c1fc6f51e9c"}
,"/Users/alexeyponomarev/Documents/projects/sceleton/src/components/containers/MoviesList/MoviesList.styles.ts": {"path":"/Users/alexeyponomarev/Documents/projects/sceleton/src/components/containers/MoviesList/MoviesList.styles.ts","statementMap":{"0":{"start":{"line":4,"column":22},"end":{"line":24,"column":2}}},"fnMap":{},"branchMap":{},"s":{"0":2},"f":{},"b":{},"_coverageSchema":"1a1c01bbd47fc00a2c39e90264f33305004495a9","hash":"424be5d1be1115e2ebc6a7660164aef1af2cbd24"}
,"/Users/alexeyponomarev/Documents/projects/sceleton/src/components/containers/MoviesList/MoviesList.tsx": {"path":"/Users/alexeyponomarev/Documents/projects/sceleton/src/components/containers/MoviesList/MoviesList.tsx","statementMap":{"0":{"start":{"line":23,"column":30},"end":{"line":77,"column":1}},"1":{"start":{"line":24,"column":26},"end":{"line":24,"column":37}},"2":{"start":{"line":25,"column":19},"end":{"line":25,"column":32}},"3":{"start":{"line":27,"column":2},"end":{"line":29,"column":31}},"4":{"start":{"line":28,"column":4},"end":{"line":28,"column":42}},"5":{"start":{"line":31,"column":19},"end":{"line":33,"column":3}},"6":{"start":{"line":32,"column":4},"end":{"line":32,"column":31}},"7":{"start":{"line":32,"column":20},"end":{"line":32,"column":29}},"8":{"start":{"line":35,"column":19},"end":{"line":39,"column":3}},"9":{"start":{"line":37,"column":4},"end":{"line":37,"column":39}},"10":{"start":{"line":37,"column":32},"end":{"line":37,"column":39}},"11":{"start":{"line":38,"column":4},"end":{"line":38,"column":31}},"12":{"start":{"line":38,"column":20},"end":{"line":38,"column":29}},"13":{"start":{"line":41,"column":21},"end":{"line":43,"column":3}},"14":{"start":{"line":42,"column":4},"end":{"line":42,"column":43}},"15":{"start":{"line":45,"column":21},"end":{"line":62,"column":3}},"16":{"start":{"line":46,"column":4},"end":{"line":61,"column":13}},"17":{"start":{"line":64,"column":2},"end":{"line":76,"column":4}},"18":{"start":{"line":71,"column":30},"end":{"line":71,"column":48}},"19":{"start":{"line":79,"column":24},"end":{"line":86,"column":1}},"20":{"start":{"line":82,"column":2},"end":{"line":85,"column":4}}},"fnMap":{"0":{"name":"(anonymous_0)","decl":{"start":{"line":23,"column":30},"end":{"line":23,"column":31}},"loc":{"start":{"line":23,"column":65},"end":{"line":77,"column":1}},"line":23},"1":{"name":"(anonymous_1)","decl":{"start":{"line":27,"column":12},"end":{"line":27,"column":13}},"loc":{"start":{"line":27,"column":18},"end":{"line":29,"column":3}},"line":27},"2":{"name":"(anonymous_2)","decl":{"start":{"line":31,"column":19},"end":{"line":31,"column":20}},"loc":{"start":{"line":31,"column":25},"end":{"line":33,"column":3}},"line":31},"3":{"name":"(anonymous_3)","decl":{"start":{"line":32,"column":12},"end":{"line":32,"column":13}},"loc":{"start":{"line":32,"column":20},"end":{"line":32,"column":29}},"line":32},"4":{"name":"(anonymous_4)","decl":{"start":{"line":35,"column":19},"end":{"line":35,"column":20}},"loc":{"start":{"line":35,"column":25},"end":{"line":39,"column":3}},"line":35},"5":{"name":"(anonymous_5)","decl":{"start":{"line":38,"column":12},"end":{"line":38,"column":13}},"loc":{"start":{"line":38,"column":20},"end":{"line":38,"column":29}},"line":38},"6":{"name":"(anonymous_6)","decl":{"start":{"line":41,"column":21},"end":{"line":41,"column":22}},"loc":{"start":{"line":41,"column":40},"end":{"line":43,"column":3}},"line":41},"7":{"name":"(anonymous_7)","decl":{"start":{"line":45,"column":21},"end":{"line":45,"column":22}},"loc":{"start":{"line":45,"column":27},"end":{"line":62,"column":3}},"line":45},"8":{"name":"(anonymous_8)","decl":{"start":{"line":71,"column":22},"end":{"line":71,"column":23}},"loc":{"start":{"line":71,"column":30},"end":{"line":71,"column":48}},"line":71},"9":{"name":"(anonymous_9)","decl":{"start":{"line":79,"column":24},"end":{"line":79,"column":25}},"loc":{"start":{"line":81,"column":6},"end":{"line":86,"column":1}},"line":81}},"branchMap":{"0":{"loc":{"start":{"line":37,"column":4},"end":{"line":37,"column":39}},"type":"if","locations":[{"start":{"line":37,"column":4},"end":{"line":37,"column":39}},{"start":{"line":37,"column":4},"end":{"line":37,"column":39}}],"line":37},"1":{"loc":{"start":{"line":37,"column":8},"end":{"line":37,"column":30}},"type":"binary-expr","locations":[{"start":{"line":37,"column":8},"end":{"line":37,"column":18}},{"start":{"line":37,"column":22},"end":{"line":37,"column":30}}],"line":37},"2":{"loc":{"start":{"line":46,"column":11},"end":{"line":61,"column":12}},"type":"cond-expr","locations":[{"start":{"line":47,"column":6},"end":{"line":60,"column":13}},{"start":{"line":61,"column":8},"end":{"line":61,"column":12}}],"line":46},"3":{"loc":{"start":{"line":46,"column":11},"end":{"line":46,"column":54}},"type":"binary-expr","locations":[{"start":{"line":46,"column":11},"end":{"line":46,"column":25}},{"start":{"line":46,"column":29},"end":{"line":46,"column":54}}],"line":46},"4":{"loc":{"start":{"line":49,"column":33},"end":{"line":49,"column":68}},"type":"binary-expr","locations":[{"start":{"line":49,"column":33},"end":{"line":49,"column":43}},{"start":{"line":49,"column":47},"end":{"line":49,"column":68}}],"line":49},"5":{"loc":{"start":{"line":55,"column":33},"end":{"line":55,"column":74}},"type":"binary-expr","locations":[{"start":{"line":55,"column":33},"end":{"line":55,"column":49}},{"start":{"line":55,"column":53},"end":{"line":55,"column":74}}],"line":55},"6":{"loc":{"start":{"line":64,"column":9},"end":{"line":76,"column":3}},"type":"cond-expr","locations":[{"start":{"line":65,"column":4},"end":{"line":65,"column":55}},{"start":{"line":67,"column":4},"end":{"line":75,"column":7}}],"line":64}},"s":{"0":2,"1":0,"2":0,"3":0,"4":0,"5":0,"6":0,"7":0,"8":0,"9":0,"10":0,"11":0,"12":0,"13":0,"14":0,"15":0,"16":0,"17":0,"18":0,"19":2,"20":0},"f":{"0":0,"1":0,"2":0,"3":0,"4":0,"5":0,"6":0,"7":0,"8":0,"9":0},"b":{"0":[0,0],"1":[0,0],"2":[0,0],"3":[0,0],"4":[0,0],"5":[0,0],"6":[0,0]},"_coverageSchema":"1a1c01bbd47fc00a2c39e90264f33305004495a9","hash":"cde7193a4df748bcd468835c25fc51383a3339f9"}
,"/Users/alexeyponomarev/Documents/projects/sceleton/src/components/containers/MoviesList/index.ts": {"path":"/Users/alexeyponomarev/Documents/projects/sceleton/src/components/containers/MoviesList/index.ts","statementMap":{},"fnMap":{},"branchMap":{},"s":{},"f":{},"b":{},"_coverageSchema":"1a1c01bbd47fc00a2c39e90264f33305004495a9","hash":"68dbb82e47f8236acddb2da7eb6229fb79e6414e"}
,"/Users/alexeyponomarev/Documents/projects/sceleton/src/components/containers/MoviesListItem/MoviesListItem.styles.ts": {"path":"/Users/alexeyponomarev/Documents/projects/sceleton/src/components/containers/MoviesListItem/MoviesListItem.styles.ts","statementMap":{"0":{"start":{"line":4,"column":22},"end":{"line":39,"column":2}}},"fnMap":{},"branchMap":{},"s":{"0":2},"f":{},"b":{},"_coverageSchema":"1a1c01bbd47fc00a2c39e90264f33305004495a9","hash":"9a73fdc4a66a62a1da98102da6fe376d136da3e4"}
,"/Users/alexeyponomarev/Documents/projects/sceleton/src/components/containers/MoviesListItem/MoviesListItem.tsx": {"path":"/Users/alexeyponomarev/Documents/projects/sceleton/src/components/containers/MoviesListItem/MoviesListItem.tsx","statementMap":{"0":{"start":{"line":12,"column":34},"end":{"line":36,"column":1}},"1":{"start":{"line":13,"column":21},"end":{"line":13,"column":36}},"2":{"start":{"line":15,"column":25},"end":{"line":17,"column":3}},"3":{"start":{"line":16,"column":4},"end":{"line":16,"column":46}},"4":{"start":{"line":19,"column":2},"end":{"line":35,"column":4}}},"fnMap":{"0":{"name":"(anonymous_0)","decl":{"start":{"line":12,"column":34},"end":{"line":12,"column":35}},"loc":{"start":{"line":12,"column":49},"end":{"line":36,"column":1}},"line":12},"1":{"name":"(anonymous_1)","decl":{"start":{"line":15,"column":25},"end":{"line":15,"column":26}},"loc":{"start":{"line":15,"column":31},"end":{"line":17,"column":3}},"line":15}},"branchMap":{},"s":{"0":2,"1":0,"2":0,"3":0,"4":0},"f":{"0":0,"1":0},"b":{},"_coverageSchema":"1a1c01bbd47fc00a2c39e90264f33305004495a9","hash":"bfcd88e7d5d348c2f54520fc7ba88c0a60944375"}
,"/Users/alexeyponomarev/Documents/projects/sceleton/src/components/elements/Toast/Toast.styles.ts": {"path":"/Users/alexeyponomarev/Documents/projects/sceleton/src/components/elements/Toast/Toast.styles.ts","statementMap":{"0":{"start":{"line":4,"column":22},"end":{"line":37,"column":2}}},"fnMap":{},"branchMap":{},"s":{"0":2},"f":{},"b":{},"_coverageSchema":"1a1c01bbd47fc00a2c39e90264f33305004495a9","hash":"70d95544a59c1e31207f675aee056674a237cac0"}
,"/Users/alexeyponomarev/Documents/projects/sceleton/src/components/elements/Toast/Toast.tsx": {"path":"/Users/alexeyponomarev/Documents/projects/sceleton/src/components/elements/Toast/Toast.tsx","statementMap":{"0":{"start":{"line":13,"column":22},"end":{"line":13,"column":43}},"1":{"start":{"line":14,"column":25},"end":{"line":14,"column":46}},"2":{"start":{"line":20,"column":25},"end":{"line":75,"column":1}},"3":{"start":{"line":21,"column":19},"end":{"line":21,"column":32}},"4":{"start":{"line":23,"column":21},"end":{"line":26,"column":8}},"5":{"start":{"line":24,"column":4},"end":{"line":24,"column":31}},"6":{"start":{"line":28,"column":25},"end":{"line":38,"column":8}},"7":{"start":{"line":29,"column":4},"end":{"line":32,"column":15}},"8":{"start":{"line":33,"column":4},"end":{"line":37,"column":15}},"9":{"start":{"line":40,"column":17},"end":{"line":45,"column":8}},"10":{"start":{"line":41,"column":4},"end":{"line":44,"column":6}},"11":{"start":{"line":47,"column":21},"end":{"line":60,"column":3}},"12":{"start":{"line":48,"column":29},"end":{"line":50,"column":5}},"13":{"start":{"line":49,"column":6},"end":{"line":49,"column":27}},"14":{"start":{"line":52,"column":4},"end":{"line":59,"column":6}},"15":{"start":{"line":62,"column":2},"end":{"line":74,"column":3}},"16":{"start":{"line":63,"column":4},"end":{"line":63,"column":21}},"17":{"start":{"line":65,"column":4},"end":{"line":69,"column":6}},"18":{"start":{"line":71,"column":4},"end":{"line":71,"column":30}},"19":{"start":{"line":72,"column":4},"end":{"line":72,"column":33}},"20":{"start":{"line":73,"column":4},"end":{"line":73,"column":16}},"21":{"start":{"line":77,"column":24},"end":{"line":81,"column":1}},"22":{"start":{"line":78,"column":2},"end":{"line":80,"column":4}}},"fnMap":{"0":{"name":"(anonymous_0)","decl":{"start":{"line":20,"column":25},"end":{"line":20,"column":26}},"loc":{"start":{"line":20,"column":45},"end":{"line":75,"column":1}},"line":20},"1":{"name":"(anonymous_1)","decl":{"start":{"line":23,"column":33},"end":{"line":23,"column":34}},"loc":{"start":{"line":23,"column":50},"end":{"line":26,"column":3}},"line":23},"2":{"name":"(anonymous_2)","decl":{"start":{"line":28,"column":37},"end":{"line":28,"column":38}},"loc":{"start":{"line":28,"column":43},"end":{"line":38,"column":3}},"line":28},"3":{"name":"(anonymous_3)","decl":{"start":{"line":40,"column":25},"end":{"line":40,"column":26}},"loc":{"start":{"line":40,"column":31},"end":{"line":45,"column":3}},"line":40},"4":{"name":"(anonymous_4)","decl":{"start":{"line":47,"column":21},"end":{"line":47,"column":22}},"loc":{"start":{"line":47,"column":56},"end":{"line":60,"column":3}},"line":47},"5":{"name":"(anonymous_5)","decl":{"start":{"line":48,"column":29},"end":{"line":48,"column":30}},"loc":{"start":{"line":48,"column":35},"end":{"line":50,"column":5}},"line":48},"6":{"name":"(anonymous_6)","decl":{"start":{"line":77,"column":24},"end":{"line":77,"column":25}},"loc":{"start":{"line":77,"column":59},"end":{"line":81,"column":1}},"line":77}},"branchMap":{"0":{"loc":{"start":{"line":62,"column":2},"end":{"line":74,"column":3}},"type":"if","locations":[{"start":{"line":62,"column":2},"end":{"line":74,"column":3}},{"start":{"line":62,"column":2},"end":{"line":74,"column":3}}],"line":62}},"s":{"0":2,"1":2,"2":2,"3":1,"4":1,"5":0,"6":1,"7":0,"8":0,"9":1,"10":1,"11":1,"12":0,"13":0,"14":0,"15":1,"16":0,"17":0,"18":1,"19":1,"20":1,"21":2,"22":1},"f":{"0":1,"1":0,"2":0,"3":1,"4":0,"5":0,"6":1},"b":{"0":[0,1]},"_coverageSchema":"1a1c01bbd47fc00a2c39e90264f33305004495a9","hash":"fba8fe6c2560c09c6b7909bf921c1f6428692af1"}
,"/Users/alexeyponomarev/Documents/projects/sceleton/src/components/elements/Toast/index.ts": {"path":"/Users/alexeyponomarev/Documents/projects/sceleton/src/components/elements/Toast/index.ts","statementMap":{},"fnMap":{},"branchMap":{},"s":{},"f":{},"b":{},"_coverageSchema":"1a1c01bbd47fc00a2c39e90264f33305004495a9","hash":"6bce34838e376cbbeda09a58ba3542c5bc11c74f"}
,"/Users/alexeyponomarev/Documents/projects/sceleton/src/components/layouts/BaseLayout/BaseLayout.styles.ts": {"path":"/Users/alexeyponomarev/Documents/projects/sceleton/src/components/layouts/BaseLayout/BaseLayout.styles.ts","statementMap":{"0":{"start":{"line":4,"column":22},"end":{"line":16,"column":2}}},"fnMap":{},"branchMap":{},"s":{"0":4},"f":{},"b":{},"_coverageSchema":"1a1c01bbd47fc00a2c39e90264f33305004495a9","hash":"bd855cb783547252f5018c1ecf135c8d66c1d384"}
,"/Users/alexeyponomarev/Documents/projects/sceleton/src/components/layouts/BaseLayout/BaseLayout.tsx": {"path":"/Users/alexeyponomarev/Documents/projects/sceleton/src/components/layouts/BaseLayout/BaseLayout.tsx","statementMap":{"0":{"start":{"line":6,"column":19},"end":{"line":8,"column":1}},"1":{"start":{"line":7,"column":2},"end":{"line":7,"column":80}}},"fnMap":{"0":{"name":"(anonymous_0)","decl":{"start":{"line":6,"column":19},"end":{"line":6,"column":20}},"loc":{"start":{"line":6,"column":49},"end":{"line":8,"column":1}},"line":6}},"branchMap":{"0":{"loc":{"start":{"line":7,"column":41},"end":{"line":7,"column":59}},"type":"cond-expr","locations":[{"start":{"line":7,"column":49},"end":{"line":7,"column":54}},{"start":{"line":7,"column":57},"end":{"line":7,"column":59}}],"line":7}},"s":{"0":4,"1":7},"f":{"0":7},"b":{"0":[2,5]},"_coverageSchema":"1a1c01bbd47fc00a2c39e90264f33305004495a9","hash":"b4aab7af69803e1872ce0bacf11c6d4e11f8af69"}
,"/Users/alexeyponomarev/Documents/projects/sceleton/src/components/layouts/BaseLayout/index.ts": {"path":"/Users/alexeyponomarev/Documents/projects/sceleton/src/components/layouts/BaseLayout/index.ts","statementMap":{},"fnMap":{},"branchMap":{},"s":{},"f":{},"b":{},"_coverageSchema":"1a1c01bbd47fc00a2c39e90264f33305004495a9","hash":"f804c15c24e7837cca848942f18be4ad485def6c"}
,"/Users/alexeyponomarev/Documents/projects/sceleton/src/constants/UIColors.ts": {"path":"/Users/alexeyponomarev/Documents/projects/sceleton/src/constants/UIColors.ts","statementMap":{"0":{"start":{"line":1,"column":21},"end":{"line":1,"column":30}},"1":{"start":{"line":2,"column":25},"end":{"line":2,"column":34}},"2":{"start":{"line":3,"column":21},"end":{"line":3,"column":30}},"3":{"start":{"line":4,"column":25},"end":{"line":4,"column":34}},"4":{"start":{"line":5,"column":20},"end":{"line":5,"column":29}},"5":{"start":{"line":6,"column":22},"end":{"line":6,"column":31}},"6":{"start":{"line":7,"column":20},"end":{"line":7,"column":29}},"7":{"start":{"line":8,"column":19},"end":{"line":8,"column":28}}},"fnMap":{},"branchMap":{},"s":{"0":4,"1":4,"2":4,"3":4,"4":4,"5":4,"6":4,"7":4},"f":{},"b":{},"_coverageSchema":"1a1c01bbd47fc00a2c39e90264f33305004495a9","hash":"982d770ce49607ae7f28b665a7866d61a7c53cca"}
,"/Users/alexeyponomarev/Documents/projects/sceleton/src/constants/size.ts": {"path":"/Users/alexeyponomarev/Documents/projects/sceleton/src/constants/size.ts","statementMap":{"0":{"start":{"line":1,"column":29},"end":{"line":1,"column":31}},"1":{"start":{"line":2,"column":29},"end":{"line":2,"column":31}}},"fnMap":{},"branchMap":{},"s":{"0":3,"1":3},"f":{},"b":{},"_coverageSchema":"1a1c01bbd47fc00a2c39e90264f33305004495a9","hash":"019070ea2d761af8ceac4cad428355731f205744"}
,"/Users/alexeyponomarev/Documents/projects/sceleton/src/navigation/Navigation.tsx": {"path":"/Users/alexeyponomarev/Documents/projects/sceleton/src/navigation/Navigation.tsx","statementMap":{"0":{"start":{"line":20,"column":12},"end":{"line":20,"column":38}},"1":{"start":{"line":21,"column":15},"end":{"line":21,"column":38}},"2":{"start":{"line":22,"column":14},"end":{"line":22,"column":36}},"3":{"start":{"line":24,"column":49},"end":{"line":28,"column":1}},"4":{"start":{"line":30,"column":19},"end":{"line":168,"column":1}},"5":{"start":{"line":31,"column":20},"end":{"line":41,"column":3}},"6":{"start":{"line":32,"column":4},"end":{"line":40,"column":6}},"7":{"start":{"line":42,"column":22},"end":{"line":52,"column":3}},"8":{"start":{"line":43,"column":4},"end":{"line":51,"column":6}},"9":{"start":{"line":54,"column":23},"end":{"line":64,"column":3}},"10":{"start":{"line":55,"column":4},"end":{"line":63,"column":6}},"11":{"start":{"line":66,"column":21},"end":{"line":76,"column":3}},"12":{"start":{"line":67,"column":4},"end":{"line":75,"column":6}},"13":{"start":{"line":78,"column":28},"end":{"line":89,"column":3}},"14":{"start":{"line":79,"column":26},"end":{"line":79,"column":66}},"15":{"start":{"line":79,"column":32},"end":{"line":79,"column":66}},"16":{"start":{"line":80,"column":4},"end":{"line":88,"column":6}},"17":{"start":{"line":91,"column":21},"end":{"line":101,"column":3}},"18":{"start":{"line":92,"column":4},"end":{"line":100,"column":6}},"19":{"start":{"line":95,"column":32},"end":{"line":95,"column":59}},"20":{"start":{"line":103,"column":17},"end":{"line":161,"column":3}},"21":{"start":{"line":104,"column":4},"end":{"line":160,"column":6}},"22":{"start":{"line":119,"column":14},"end":{"line":125,"column":16}},"23":{"start":{"line":134,"column":14},"end":{"line":140,"column":16}},"24":{"start":{"line":149,"column":14},"end":{"line":155,"column":16}},"25":{"start":{"line":163,"column":2},"end":{"line":167,"column":4}}},"fnMap":{"0":{"name":"(anonymous_0)","decl":{"start":{"line":30,"column":19},"end":{"line":30,"column":20}},"loc":{"start":{"line":30,"column":25},"end":{"line":168,"column":1}},"line":30},"1":{"name":"(anonymous_1)","decl":{"start":{"line":31,"column":20},"end":{"line":31,"column":21}},"loc":{"start":{"line":31,"column":26},"end":{"line":41,"column":3}},"line":31},"2":{"name":"(anonymous_2)","decl":{"start":{"line":42,"column":22},"end":{"line":42,"column":23}},"loc":{"start":{"line":42,"column":28},"end":{"line":52,"column":3}},"line":42},"3":{"name":"(anonymous_3)","decl":{"start":{"line":54,"column":23},"end":{"line":54,"column":24}},"loc":{"start":{"line":54,"column":29},"end":{"line":64,"column":3}},"line":54},"4":{"name":"(anonymous_4)","decl":{"start":{"line":66,"column":21},"end":{"line":66,"column":22}},"loc":{"start":{"line":66,"column":27},"end":{"line":76,"column":3}},"line":66},"5":{"name":"(anonymous_5)","decl":{"start":{"line":78,"column":28},"end":{"line":78,"column":29}},"loc":{"start":{"line":78,"column":60},"end":{"line":89,"column":3}},"line":78},"6":{"name":"(anonymous_6)","decl":{"start":{"line":79,"column":26},"end":{"line":79,"column":27}},"loc":{"start":{"line":79,"column":32},"end":{"line":79,"column":66}},"line":79},"7":{"name":"(anonymous_7)","decl":{"start":{"line":91,"column":21},"end":{"line":91,"column":22}},"loc":{"start":{"line":91,"column":27},"end":{"line":101,"column":3}},"line":91},"8":{"name":"(anonymous_8)","decl":{"start":{"line":95,"column":23},"end":{"line":95,"column":24}},"loc":{"start":{"line":95,"column":32},"end":{"line":95,"column":59}},"line":95},"9":{"name":"(anonymous_9)","decl":{"start":{"line":103,"column":17},"end":{"line":103,"column":18}},"loc":{"start":{"line":103,"column":23},"end":{"line":161,"column":3}},"line":103},"10":{"name":"(anonymous_10)","decl":{"start":{"line":118,"column":24},"end":{"line":118,"column":25}},"loc":{"start":{"line":118,"column":41},"end":{"line":126,"column":13}},"line":118},"11":{"name":"(anonymous_11)","decl":{"start":{"line":133,"column":24},"end":{"line":133,"column":25}},"loc":{"start":{"line":133,"column":41},"end":{"line":141,"column":13}},"line":133},"12":{"name":"(anonymous_12)","decl":{"start":{"line":148,"column":24},"end":{"line":148,"column":25}},"loc":{"start":{"line":148,"column":41},"end":{"line":156,"column":13}},"line":148}},"branchMap":{"0":{"loc":{"start":{"line":123,"column":25},"end":{"line":123,"column":53}},"type":"cond-expr","locations":[{"start":{"line":123,"column":35},"end":{"line":123,"column":41}},{"start":{"line":123,"column":44},"end":{"line":123,"column":53}}],"line":123},"1":{"loc":{"start":{"line":138,"column":25},"end":{"line":138,"column":53}},"type":"cond-expr","locations":[{"start":{"line":138,"column":35},"end":{"line":138,"column":41}},{"start":{"line":138,"column":44},"end":{"line":138,"column":53}}],"line":138},"2":{"loc":{"start":{"line":153,"column":25},"end":{"line":153,"column":53}},"type":"cond-expr","locations":[{"start":{"line":153,"column":35},"end":{"line":153,"column":41}},{"start":{"line":153,"column":44},"end":{"line":153,"column":53}}],"line":153}},"s":{"0":2,"1":2,"2":2,"3":2,"4":2,"5":1,"6":1,"7":1,"8":0,"9":1,"10":0,"11":1,"12":0,"13":1,"14":0,"15":0,"16":0,"17":1,"18":1,"19":1,"20":1,"21":1,"22":2,"23":2,"24":2,"25":1},"f":{"0":1,"1":1,"2":0,"3":0,"4":0,"5":0,"6":0,"7":1,"8":1,"9":1,"10":2,"11":2,"12":2},"b":{"0":[1,1],"1":[1,1],"2":[1,1]},"_coverageSchema":"1a1c01bbd47fc00a2c39e90264f33305004495a9","hash":"dd4dfc50b8bf2a34feba5cf69f02286a8930f5b7"}
,"/Users/alexeyponomarev/Documents/projects/sceleton/src/navigation/index.ts": {"path":"/Users/alexeyponomarev/Documents/projects/sceleton/src/navigation/index.ts","statementMap":{},"fnMap":{},"branchMap":{},"s":{},"f":{},"b":{},"_coverageSchema":"1a1c01bbd47fc00a2c39e90264f33305004495a9","hash":"b8e186b3b0744689b4a7bd3b00d0fa20f243e04c"}
,"/Users/alexeyponomarev/Documents/projects/sceleton/src/navigation/components/CustomDrawer/CustomDrawer.styles.ts": {"path":"/Users/alexeyponomarev/Documents/projects/sceleton/src/navigation/components/CustomDrawer/CustomDrawer.styles.ts","statementMap":{"0":{"start":{"line":4,"column":22},"end":{"line":20,"column":2}}},"fnMap":{},"branchMap":{},"s":{"0":2},"f":{},"b":{},"_coverageSchema":"1a1c01bbd47fc00a2c39e90264f33305004495a9","hash":"b971951dce5463fdc0231bbbff7ea126aecfdc6f"}
,"/Users/alexeyponomarev/Documents/projects/sceleton/src/navigation/components/CustomDrawer/CustomDrawer.tsx": {"path":"/Users/alexeyponomarev/Documents/projects/sceleton/src/navigation/components/CustomDrawer/CustomDrawer.tsx","statementMap":{"0":{"start":{"line":12,"column":15},"end":{"line":18,"column":1}},"1":{"start":{"line":20,"column":32},"end":{"line":40,"column":1}},"2":{"start":{"line":21,"column":21},"end":{"line":31,"column":3}},"3":{"start":{"line":22,"column":4},"end":{"line":30,"column":6}},"4":{"start":{"line":26,"column":10},"end":{"line":26,"column":42}},"5":{"start":{"line":33,"column":2},"end":{"line":39,"column":4}}},"fnMap":{"0":{"name":"(anonymous_0)","decl":{"start":{"line":20,"column":32},"end":{"line":20,"column":33}},"loc":{"start":{"line":20,"column":59},"end":{"line":40,"column":1}},"line":20},"1":{"name":"(anonymous_1)","decl":{"start":{"line":21,"column":21},"end":{"line":21,"column":22}},"loc":{"start":{"line":21,"column":46},"end":{"line":31,"column":3}},"line":21},"2":{"name":"(anonymous_2)","decl":{"start":{"line":25,"column":17},"end":{"line":25,"column":18}},"loc":{"start":{"line":25,"column":23},"end":{"line":27,"column":9}},"line":25}},"branchMap":{},"s":{"0":2,"1":2,"2":1,"3":1,"4":0,"5":1},"f":{"0":1,"1":1,"2":0},"b":{},"_coverageSchema":"1a1c01bbd47fc00a2c39e90264f33305004495a9","hash":"63527d63f118710c6daffc21bc403468fbc5e5ff"}
,"/Users/alexeyponomarev/Documents/projects/sceleton/src/navigation/components/CustomDrawer/index.ts": {"path":"/Users/alexeyponomarev/Documents/projects/sceleton/src/navigation/components/CustomDrawer/index.ts","statementMap":{},"fnMap":{},"branchMap":{},"s":{},"f":{},"b":{},"_coverageSchema":"1a1c01bbd47fc00a2c39e90264f33305004495a9","hash":"c0897d7fc747bbff5fa3aa931b5200c90d4dc229"}
,"/Users/alexeyponomarev/Documents/projects/sceleton/src/redux/index.ts": {"path":"/Users/alexeyponomarev/Documents/projects/sceleton/src/redux/index.ts","statementMap":{},"fnMap":{},"branchMap":{},"s":{},"f":{},"b":{},"_coverageSchema":"1a1c01bbd47fc00a2c39e90264f33305004495a9","hash":"5d6ca838ac7784a9f55d285d6604d8c9ca959ef7"}
,"/Users/alexeyponomarev/Documents/projects/sceleton/src/redux/movies/actions.ts": {"path":"/Users/alexeyponomarev/Documents/projects/sceleton/src/redux/movies/actions.ts","statementMap":{"0":{"start":{"line":6,"column":25},"end":{"line":9,"column":2}},"1":{"start":{"line":6,"column":54},"end":{"line":9,"column":1}},"2":{"start":{"line":11,"column":32},"end":{"line":14,"column":2}},"3":{"start":{"line":11,"column":57},"end":{"line":14,"column":1}},"4":{"start":{"line":17,"column":2},"end":{"line":25,"column":3}},"5":{"start":{"line":18,"column":2},"end":{"line":25,"column":3}},"6":{"start":{"line":19,"column":4},"end":{"line":19,"column":37}},"7":{"start":{"line":20,"column":4},"end":{"line":24,"column":56}},"8":{"start":{"line":23,"column":24},"end":{"line":23,"column":58}},"9":{"start":{"line":24,"column":21},"end":{"line":24,"column":54}}},"fnMap":{"0":{"name":"(anonymous_0)","decl":{"start":{"line":6,"column":25},"end":{"line":6,"column":26}},"loc":{"start":{"line":6,"column":54},"end":{"line":9,"column":1}},"line":6},"1":{"name":"(anonymous_1)","decl":{"start":{"line":11,"column":32},"end":{"line":11,"column":33}},"loc":{"start":{"line":11,"column":57},"end":{"line":14,"column":1}},"line":11},"2":{"name":"(anonymous_2)","decl":{"start":{"line":17,"column":2},"end":{"line":17,"column":3}},"loc":{"start":{"line":18,"column":2},"end":{"line":25,"column":3}},"line":18},"3":{"name":"(anonymous_3)","decl":{"start":{"line":18,"column":2},"end":{"line":18,"column":3}},"loc":{"start":{"line":18,"column":42},"end":{"line":25,"column":3}},"line":18},"4":{"name":"(anonymous_4)","decl":{"start":{"line":23,"column":12},"end":{"line":23,"column":13}},"loc":{"start":{"line":23,"column":24},"end":{"line":23,"column":58}},"line":23},"5":{"name":"(anonymous_5)","decl":{"start":{"line":24,"column":15},"end":{"line":24,"column":16}},"loc":{"start":{"line":24,"column":21},"end":{"line":24,"column":54}},"line":24}},"branchMap":{"0":{"loc":{"start":{"line":17,"column":3},"end":{"line":17,"column":19}},"type":"default-arg","locations":[{"start":{"line":17,"column":18},"end":{"line":17,"column":19}}],"line":17},"1":{"loc":{"start":{"line":17,"column":21},"end":{"line":17,"column":40}},"type":"default-arg","locations":[{"start":{"line":17,"column":38},"end":{"line":17,"column":40}}],"line":17}},"s":{"0":2,"1":0,"2":2,"3":0,"4":2,"5":0,"6":0,"7":0,"8":0,"9":0},"f":{"0":0,"1":0,"2":0,"3":0,"4":0,"5":0},"b":{"0":[0],"1":[0]},"_coverageSchema":"1a1c01bbd47fc00a2c39e90264f33305004495a9","hash":"00814109f0dac4854b893acb8f0087f9fb6ea3aa"}
,"/Users/alexeyponomarev/Documents/projects/sceleton/src/redux/movies/actionsTypes.ts": {"path":"/Users/alexeyponomarev/Documents/projects/sceleton/src/redux/movies/actionsTypes.ts","statementMap":{"0":{"start":{"line":1,"column":26},"end":{"line":1,"column":38}},"1":{"start":{"line":2,"column":27},"end":{"line":2,"column":40}}},"fnMap":{},"branchMap":{},"s":{"0":2,"1":2},"f":{},"b":{},"_coverageSchema":"1a1c01bbd47fc00a2c39e90264f33305004495a9","hash":"a395fcac27ad7df18f2d928c458fdcb2a75ead12"}
,"/Users/alexeyponomarev/Documents/projects/sceleton/src/redux/movies/moviesReducer.ts": {"path":"/Users/alexeyponomarev/Documents/projects/sceleton/src/redux/movies/moviesReducer.ts","statementMap":{"0":{"start":{"line":4,"column":28},"end":{"line":7,"column":1}},"1":{"start":{"line":9,"column":29},"end":{"line":27,"column":1}},"2":{"start":{"line":13,"column":2},"end":{"line":26,"column":3}},"3":{"start":{"line":15,"column":6},"end":{"line":18,"column":8}},"4":{"start":{"line":20,"column":6},"end":{"line":23,"column":8}},"5":{"start":{"line":25,"column":6},"end":{"line":25,"column":19}}},"fnMap":{"0":{"name":"(anonymous_0)","decl":{"start":{"line":9,"column":29},"end":{"line":9,"column":30}},"loc":{"start":{"line":12,"column":5},"end":{"line":27,"column":1}},"line":12}},"branchMap":{"0":{"loc":{"start":{"line":10,"column":2},"end":{"line":10,"column":29}},"type":"default-arg","locations":[{"start":{"line":10,"column":17},"end":{"line":10,"column":29}}],"line":10},"1":{"loc":{"start":{"line":13,"column":2},"end":{"line":26,"column":3}},"type":"switch","locations":[{"start":{"line":14,"column":4},"end":{"line":18,"column":8}},{"start":{"line":19,"column":4},"end":{"line":23,"column":8}},{"start":{"line":24,"column":4},"end":{"line":25,"column":19}}],"line":13}},"s":{"0":2,"1":2,"2":6,"3":0,"4":0,"5":6},"f":{"0":6},"b":{"0":[6],"1":[0,0,6]},"_coverageSchema":"1a1c01bbd47fc00a2c39e90264f33305004495a9","hash":"a633c1e066c9d44b60437634067eb284d8262419"}
,"/Users/alexeyponomarev/Documents/projects/sceleton/src/redux/toast/actions.ts": {"path":"/Users/alexeyponomarev/Documents/projects/sceleton/src/redux/toast/actions.ts","statementMap":{"0":{"start":{"line":5,"column":14},"end":{"line":5,"column":18}},"1":{"start":{"line":7,"column":24},"end":{"line":18,"column":1}},"2":{"start":{"line":8,"column":2},"end":{"line":13,"column":3}},"3":{"start":{"line":9,"column":20},"end":{"line":12,"column":13}},"4":{"start":{"line":10,"column":6},"end":{"line":10,"column":47}},"5":{"start":{"line":11,"column":6},"end":{"line":11,"column":28}},"6":{"start":{"line":14,"column":2},"end":{"line":17,"column":5}},"7":{"start":{"line":20,"column":27},"end":{"line":23,"column":2}},"8":{"start":{"line":20,"column":45},"end":{"line":23,"column":1}}},"fnMap":{"0":{"name":"(anonymous_0)","decl":{"start":{"line":7,"column":24},"end":{"line":7,"column":25}},"loc":{"start":{"line":7,"column":48},"end":{"line":18,"column":1}},"line":7},"1":{"name":"(anonymous_1)","decl":{"start":{"line":9,"column":31},"end":{"line":9,"column":32}},"loc":{"start":{"line":9,"column":37},"end":{"line":12,"column":5}},"line":9},"2":{"name":"(anonymous_2)","decl":{"start":{"line":20,"column":27},"end":{"line":20,"column":28}},"loc":{"start":{"line":20,"column":45},"end":{"line":23,"column":1}},"line":20}},"branchMap":{"0":{"loc":{"start":{"line":8,"column":2},"end":{"line":13,"column":3}},"type":"if","locations":[{"start":{"line":8,"column":2},"end":{"line":13,"column":3}},{"start":{"line":8,"column":2},"end":{"line":13,"column":3}}],"line":8}},"s":{"0":2,"1":2,"2":0,"3":0,"4":0,"5":0,"6":0,"7":2,"8":0},"f":{"0":0,"1":0,"2":0},"b":{"0":[0,0]},"_coverageSchema":"1a1c01bbd47fc00a2c39e90264f33305004495a9","hash":"9c1a7b1c6af424e0dd19a20cc78e29a55d778e09"}
,"/Users/alexeyponomarev/Documents/projects/sceleton/src/redux/toast/actionsTypes.ts": {"path":"/Users/alexeyponomarev/Documents/projects/sceleton/src/redux/toast/actionsTypes.ts","statementMap":{"0":{"start":{"line":1,"column":25},"end":{"line":1,"column":36}},"1":{"start":{"line":2,"column":28},"end":{"line":2,"column":42}}},"fnMap":{},"branchMap":{},"s":{"0":2,"1":2},"f":{},"b":{},"_coverageSchema":"1a1c01bbd47fc00a2c39e90264f33305004495a9","hash":"eb230934cdb591906be34136765de0104723c057"}
,"/Users/alexeyponomarev/Documents/projects/sceleton/src/redux/toast/toastReduce.tsx": {"path":"/Users/alexeyponomarev/Documents/projects/sceleton/src/redux/toast/toastReduce.tsx","statementMap":{"0":{"start":{"line":4,"column":27},"end":{"line":4,"column":29}},"1":{"start":{"line":6,"column":28},"end":{"line":15,"column":1}},"2":{"start":{"line":7,"column":2},"end":{"line":14,"column":3}},"3":{"start":{"line":9,"column":6},"end":{"line":9,"column":40}},"4":{"start":{"line":11,"column":6},"end":{"line":11,"column":69}},"5":{"start":{"line":11,"column":35},"end":{"line":11,"column":67}},"6":{"start":{"line":13,"column":6},"end":{"line":13,"column":19}}},"fnMap":{"0":{"name":"(anonymous_0)","decl":{"start":{"line":6,"column":28},"end":{"line":6,"column":29}},"loc":{"start":{"line":6,"column":72},"end":{"line":15,"column":1}},"line":6},"1":{"name":"(anonymous_1)","decl":{"start":{"line":11,"column":26},"end":{"line":11,"column":27}},"loc":{"start":{"line":11,"column":35},"end":{"line":11,"column":67}},"line":11}},"branchMap":{"0":{"loc":{"start":{"line":6,"column":29},"end":{"line":6,"column":42}},"type":"default-arg","locations":[{"start":{"line":6,"column":37},"end":{"line":6,"column":42}}],"line":6},"1":{"loc":{"start":{"line":7,"column":2},"end":{"line":14,"column":3}},"type":"switch","locations":[{"start":{"line":8,"column":4},"end":{"line":9,"column":40}},{"start":{"line":10,"column":4},"end":{"line":11,"column":69}},{"start":{"line":12,"column":4},"end":{"line":13,"column":19}}],"line":7}},"s":{"0":2,"1":2,"2":6,"3":0,"4":0,"5":0,"6":6},"f":{"0":6,"1":0},"b":{"0":[6],"1":[0,0,6]},"_coverageSchema":"1a1c01bbd47fc00a2c39e90264f33305004495a9","hash":"24c8b3f672e40871e394f817168555aed08b7507"}
,"/Users/alexeyponomarev/Documents/projects/sceleton/src/screens/About/AboutScreen.styles.ts": {"path":"/Users/alexeyponomarev/Documents/projects/sceleton/src/screens/About/AboutScreen.styles.ts","statementMap":{"0":{"start":{"line":4,"column":22},"end":{"line":8,"column":2}}},"fnMap":{},"branchMap":{},"s":{"0":2},"f":{},"b":{},"_coverageSchema":"1a1c01bbd47fc00a2c39e90264f33305004495a9","hash":"751fba57f00fa36dc8ea14ff277bd7c525c2815e"}
,"/Users/alexeyponomarev/Documents/projects/sceleton/src/screens/About/AboutScreen.tsx": {"path":"/Users/alexeyponomarev/Documents/projects/sceleton/src/screens/About/AboutScreen.tsx","statementMap":{"0":{"start":{"line":10,"column":31},"end":{"line":18,"column":1}},"1":{"start":{"line":11,"column":2},"end":{"line":17,"column":4}}},"fnMap":{"0":{"name":"(anonymous_0)","decl":{"start":{"line":10,"column":31},"end":{"line":10,"column":32}},"loc":{"start":{"line":10,"column":63},"end":{"line":18,"column":1}},"line":10}},"branchMap":{},"s":{"0":2,"1":0},"f":{"0":0},"b":{},"_coverageSchema":"1a1c01bbd47fc00a2c39e90264f33305004495a9","hash":"8325fc37335d621d3bd52bea6b04f6dc651b1f85"}
,"/Users/alexeyponomarev/Documents/projects/sceleton/src/screens/About/index.ts": {"path":"/Users/alexeyponomarev/Documents/projects/sceleton/src/screens/About/index.ts","statementMap":{},"fnMap":{},"branchMap":{},"s":{},"f":{},"b":{},"_coverageSchema":"1a1c01bbd47fc00a2c39e90264f33305004495a9","hash":"82f8b70841e6d0c0a193eca4a8ddfd32f261a567"}
,"/Users/alexeyponomarev/Documents/projects/sceleton/src/screens/Animation/Animation.styles.ts": {"path":"/Users/alexeyponomarev/Documents/projects/sceleton/src/screens/Animation/Animation.styles.ts","statementMap":{"0":{"start":{"line":4,"column":22},"end":{"line":47,"column":2}}},"fnMap":{},"branchMap":{},"s":{"0":3},"f":{},"b":{},"_coverageSchema":"1a1c01bbd47fc00a2c39e90264f33305004495a9","hash":"1817506313a7cc3562756506099ce2cb18447f02"}
,"/Users/alexeyponomarev/Documents/projects/sceleton/src/screens/Animation/AnimationScreen.tsx": {"path":"/Users/alexeyponomarev/Documents/projects/sceleton/src/screens/Animation/AnimationScreen.tsx","statementMap":{"0":{"start":{"line":19,"column":25},"end":{"line":19,"column":50}},"1":{"start":{"line":21,"column":24},"end":{"line":232,"column":1}},"2":{"start":{"line":22,"column":46},"end":{"line":22,"column":58}},"3":{"start":{"line":23,"column":44},"end":{"line":26,"column":4}},"4":{"start":{"line":27,"column":44},"end":{"line":27,"column":67}},"5":{"start":{"line":28,"column":24},"end":{"line":28,"column":61}},"6":{"start":{"line":29,"column":25},"end":{"line":29,"column":62}},"7":{"start":{"line":30,"column":14},"end":{"line":30,"column":52}},"8":{"start":{"line":32,"column":23},"end":{"line":84,"column":26}},"9":{"start":{"line":33,"column":4},"end":{"line":83,"column":7}},"10":{"start":{"line":34,"column":41},"end":{"line":34,"column":45}},"11":{"start":{"line":37,"column":8},"end":{"line":40,"column":11}},"12":{"start":{"line":43,"column":27},"end":{"line":43,"column":32}},"13":{"start":{"line":44,"column":22},"end":{"line":44,"column":43}},"14":{"start":{"line":45,"column":22},"end":{"line":45,"column":43}},"15":{"start":{"line":47,"column":8},"end":{"line":56,"column":9}},"16":{"start":{"line":53,"column":10},"end":{"line":53,"column":35}},"17":{"start":{"line":55,"column":10},"end":{"line":55,"column":42}},"18":{"start":{"line":58,"column":8},"end":{"line":61,"column":11}},"19":{"start":{"line":65,"column":22},"end":{"line":65,"column":43}},"20":{"start":{"line":66,"column":22},"end":{"line":66,"column":43}},"21":{"start":{"line":68,"column":8},"end":{"line":81,"column":9}},"22":{"start":{"line":74,"column":10},"end":{"line":77,"column":13}},"23":{"start":{"line":78,"column":10},"end":{"line":78,"column":42}},"24":{"start":{"line":80,"column":10},"end":{"line":80,"column":30}},"25":{"start":{"line":86,"column":26},"end":{"line":93,"column":3}},"26":{"start":{"line":87,"column":4},"end":{"line":92,"column":7}},"27":{"start":{"line":95,"column":24},"end":{"line":100,"column":3}},"28":{"start":{"line":96,"column":4},"end":{"line":96,"column":66}},"29":{"start":{"line":97,"column":4},"end":{"line":97,"column":30}},"30":{"start":{"line":99,"column":4},"end":{"line":99,"column":79}},"31":{"start":{"line":102,"column":25},"end":{"line":107,"column":3}},"32":{"start":{"line":103,"column":4},"end":{"line":103,"column":52}},"33":{"start":{"line":104,"column":4},"end":{"line":104,"column":30}},"34":{"start":{"line":106,"column":4},"end":{"line":106,"column":79}},"35":{"start":{"line":109,"column":30},"end":{"line":114,"column":3}},"36":{"start":{"line":110,"column":4},"end":{"line":110,"column":69}},"37":{"start":{"line":111,"column":4},"end":{"line":111,"column":30}},"38":{"start":{"line":113,"column":4},"end":{"line":113,"column":79}},"39":{"start":{"line":116,"column":29},"end":{"line":125,"column":3}},"40":{"start":{"line":117,"column":4},"end":{"line":117,"column":50}},"41":{"start":{"line":118,"column":4},"end":{"line":118,"column":32}},"42":{"start":{"line":120,"column":4},"end":{"line":124,"column":15}},"43":{"start":{"line":127,"column":23},"end":{"line":138,"column":3}},"44":{"start":{"line":128,"column":4},"end":{"line":130,"column":7}},"45":{"start":{"line":131,"column":4},"end":{"line":131,"column":30}},"46":{"start":{"line":132,"column":4},"end":{"line":132,"column":31}},"47":{"start":{"line":134,"column":4},"end":{"line":137,"column":15}},"48":{"start":{"line":140,"column":15},"end":{"line":142,"column":3}},"49":{"start":{"line":141,"column":4},"end":{"line":141,"column":34}},"50":{"start":{"line":144,"column":17},"end":{"line":147,"column":4}},"51":{"start":{"line":149,"column":18},"end":{"line":152,"column":4}},"52":{"start":{"line":154,"column":16},"end":{"line":157,"column":4}},"53":{"start":{"line":159,"column":17},"end":{"line":162,"column":4}},"54":{"start":{"line":164,"column":26},"end":{"line":167,"column":4}},"55":{"start":{"line":169,"column":26},"end":{"line":172,"column":4}},"56":{"start":{"line":174,"column":2},"end":{"line":231,"column":4}},"57":{"start":{"line":179,"column":10},"end":{"line":182,"column":14}},"58":{"start":{"line":179,"column":34},"end":{"line":182,"column":11}}},"fnMap":{"0":{"name":"(anonymous_0)","decl":{"start":{"line":21,"column":24},"end":{"line":21,"column":25}},"loc":{"start":{"line":21,"column":30},"end":{"line":232,"column":1}},"line":21},"1":{"name":"(anonymous_1)","decl":{"start":{"line":32,"column":31},"end":{"line":32,"column":32}},"loc":{"start":{"line":32,"column":37},"end":{"line":84,"column":3}},"line":32},"2":{"name":"(anonymous_2)","decl":{"start":{"line":34,"column":35},"end":{"line":34,"column":36}},"loc":{"start":{"line":34,"column":41},"end":{"line":34,"column":45}},"line":34},"3":{"name":"(anonymous_3)","decl":{"start":{"line":36,"column":27},"end":{"line":36,"column":28}},"loc":{"start":{"line":36,"column":33},"end":{"line":41,"column":7}},"line":36},"4":{"name":"(anonymous_4)","decl":{"start":{"line":42,"column":26},"end":{"line":42,"column":27}},"loc":{"start":{"line":42,"column":42},"end":{"line":62,"column":7}},"line":42},"5":{"name":"(anonymous_5)","decl":{"start":{"line":64,"column":29},"end":{"line":64,"column":30}},"loc":{"start":{"line":64,"column":36},"end":{"line":82,"column":7}},"line":64},"6":{"name":"(anonymous_6)","decl":{"start":{"line":86,"column":26},"end":{"line":86,"column":27}},"loc":{"start":{"line":86,"column":73},"end":{"line":93,"column":3}},"line":86},"7":{"name":"(anonymous_7)","decl":{"start":{"line":95,"column":24},"end":{"line":95,"column":25}},"loc":{"start":{"line":95,"column":30},"end":{"line":100,"column":3}},"line":95},"8":{"name":"(anonymous_8)","decl":{"start":{"line":102,"column":25},"end":{"line":102,"column":26}},"loc":{"start":{"line":102,"column":31},"end":{"line":107,"column":3}},"line":102},"9":{"name":"(anonymous_9)","decl":{"start":{"line":109,"column":30},"end":{"line":109,"column":31}},"loc":{"start":{"line":109,"column":36},"end":{"line":114,"column":3}},"line":109},"10":{"name":"(anonymous_10)","decl":{"start":{"line":116,"column":29},"end":{"line":116,"column":30}},"loc":{"start":{"line":116,"column":35},"end":{"line":125,"column":3}},"line":116},"11":{"name":"(anonymous_11)","decl":{"start":{"line":127,"column":23},"end":{"line":127,"column":24}},"loc":{"start":{"line":127,"column":29},"end":{"line":138,"column":3}},"line":127},"12":{"name":"(anonymous_12)","decl":{"start":{"line":140,"column":15},"end":{"line":140,"column":16}},"loc":{"start":{"line":140,"column":21},"end":{"line":142,"column":3}},"line":140},"13":{"name":"(anonymous_13)","decl":{"start":{"line":178,"column":18},"end":{"line":178,"column":19}},"loc":{"start":{"line":178,"column":25},"end":{"line":183,"column":9}},"line":178},"14":{"name":"(anonymous_14)","decl":{"start":{"line":179,"column":27},"end":{"line":179,"column":28}},"loc":{"start":{"line":179,"column":34},"end":{"line":182,"column":11}},"line":179}},"branchMap":{"0":{"loc":{"start":{"line":47,"column":8},"end":{"line":56,"column":9}},"type":"if","locations":[{"start":{"line":47,"column":8},"end":{"line":56,"column":9}},{"start":{"line":47,"column":8},"end":{"line":56,"column":9}}],"line":47},"1":{"loc":{"start":{"line":48,"column":10},"end":{"line":51,"column":56}},"type":"binary-expr","locations":[{"start":{"line":48,"column":10},"end":{"line":48,"column":43}},{"start":{"line":49,"column":10},"end":{"line":49,"column":21}},{"start":{"line":50,"column":10},"end":{"line":50,"column":44}},{"start":{"line":51,"column":10},"end":{"line":51,"column":56}}],"line":48},"2":{"loc":{"start":{"line":68,"column":8},"end":{"line":81,"column":9}},"type":"if","locations":[{"start":{"line":68,"column":8},"end":{"line":81,"column":9}},{"start":{"line":68,"column":8},"end":{"line":81,"column":9}}],"line":68},"3":{"loc":{"start":{"line":69,"column":10},"end":{"line":72,"column":56}},"type":"binary-expr","locations":[{"start":{"line":69,"column":10},"end":{"line":69,"column":43}},{"start":{"line":70,"column":10},"end":{"line":70,"column":21}},{"start":{"line":71,"column":10},"end":{"line":71,"column":44}},{"start":{"line":72,"column":10},"end":{"line":72,"column":56}}],"line":69}},"s":{"0":3,"1":3,"2":1,"3":1,"4":1,"5":1,"6":1,"7":1,"8":1,"9":1,"10":0,"11":0,"12":0,"13":0,"14":0,"15":0,"16":0,"17":0,"18":0,"19":0,"20":0,"21":0,"22":0,"23":0,"24":0,"25":1,"26":0,"27":1,"28":0,"29":0,"30":0,"31":1,"32":0,"33":0,"34":0,"35":1,"36":0,"37":0,"38":0,"39":1,"40":0,"41":0,"42":0,"43":1,"44":0,"45":0,"46":0,"47":0,"48":1,"49":0,"50":1,"51":1,"52":1,"53":1,"54":1,"55":1,"56":1,"57":0,"58":0},"f":{"0":1,"1":1,"2":0,"3":0,"4":0,"5":0,"6":0,"7":0,"8":0,"9":0,"10":0,"11":0,"12":0,"13":0,"14":0},"b":{"0":[0,0],"1":[0,0,0,0],"2":[0,0],"3":[0,0,0,0]},"_coverageSchema":"1a1c01bbd47fc00a2c39e90264f33305004495a9","hash":"429f51f8bc49b380ab1d3c27f15ebcedae884db4"}
,"/Users/alexeyponomarev/Documents/projects/sceleton/src/screens/Animation/index.ts": {"path":"/Users/alexeyponomarev/Documents/projects/sceleton/src/screens/Animation/index.ts","statementMap":{},"fnMap":{},"branchMap":{},"s":{},"f":{},"b":{},"_coverageSchema":"1a1c01bbd47fc00a2c39e90264f33305004495a9","hash":"0ab1a3c4aad01424873251c657c2ff2b5023ee96"}
,"/Users/alexeyponomarev/Documents/projects/sceleton/src/screens/Home/HomeScreen.styles.ts": {"path":"/Users/alexeyponomarev/Documents/projects/sceleton/src/screens/Home/HomeScreen.styles.ts","statementMap":{"0":{"start":{"line":4,"column":22},"end":{"line":8,"column":2}}},"fnMap":{},"branchMap":{},"s":{"0":3},"f":{},"b":{},"_coverageSchema":"1a1c01bbd47fc00a2c39e90264f33305004495a9","hash":"57d6e640969256e096c918a48a87740ad80b5777"}
,"/Users/alexeyponomarev/Documents/projects/sceleton/src/screens/Home/HomeScreen.tsx": {"path":"/Users/alexeyponomarev/Documents/projects/sceleton/src/screens/Home/HomeScreen.tsx","statementMap":{"0":{"start":{"line":7,"column":19},"end":{"line":16,"column":1}},"1":{"start":{"line":8,"column":26},"end":{"line":8,"column":48}},"2":{"start":{"line":10,"column":2},"end":{"line":15,"column":4}},"3":{"start":{"line":13,"column":44},"end":{"line":13,"column":66}}},"fnMap":{"0":{"name":"(anonymous_0)","decl":{"start":{"line":7,"column":19},"end":{"line":7,"column":20}},"loc":{"start":{"line":7,"column":25},"end":{"line":16,"column":1}},"line":7},"1":{"name":"(anonymous_1)","decl":{"start":{"line":13,"column":38},"end":{"line":13,"column":39}},"loc":{"start":{"line":13,"column":44},"end":{"line":13,"column":66}},"line":13}},"branchMap":{},"s":{"0":3,"1":4,"2":4,"3":1},"f":{"0":4,"1":1},"b":{},"_coverageSchema":"1a1c01bbd47fc00a2c39e90264f33305004495a9","hash":"fc2e4f73113e5f85be56ab93a4d4e392a993c5e1"}
,"/Users/alexeyponomarev/Documents/projects/sceleton/src/screens/Home/index.ts": {"path":"/Users/alexeyponomarev/Documents/projects/sceleton/src/screens/Home/index.ts","statementMap":{},"fnMap":{},"branchMap":{},"s":{},"f":{},"b":{},"_coverageSchema":"1a1c01bbd47fc00a2c39e90264f33305004495a9","hash":"6937a39e97ae2ab6ccda574b17b90a20d3bfed5d"}
,"/Users/alexeyponomarev/Documents/projects/sceleton/src/screens/MovieDetails/MovieDetails.styles.ts": {"path":"/Users/alexeyponomarev/Documents/projects/sceleton/src/screens/MovieDetails/MovieDetails.styles.ts","statementMap":{"0":{"start":{"line":4,"column":22},"end":{"line":24,"column":2}}},"fnMap":{},"branchMap":{},"s":{"0":2},"f":{},"b":{},"_coverageSchema":"1a1c01bbd47fc00a2c39e90264f33305004495a9","hash":"56d5109b7cc59d60e38dd20efb573bdfe7933b76"}
,"/Users/alexeyponomarev/Documents/projects/sceleton/src/screens/MovieDetails/MovieDetailsScreen.tsx": {"path":"/Users/alexeyponomarev/Documents/projects/sceleton/src/screens/MovieDetails/MovieDetailsScreen.tsx","statementMap":{"0":{"start":{"line":11,"column":27},"end":{"line":51,"column":1}},"1":{"start":{"line":12,"column":21},"end":{"line":12,"column":36}},"2":{"start":{"line":13,"column":15},"end":{"line":13,"column":52}},"3":{"start":{"line":13,"column":21},"end":{"line":13,"column":52}},"4":{"start":{"line":14,"column":2},"end":{"line":50,"column":4}},"5":{"start":{"line":48,"column":42},"end":{"line":48,"column":61}},"6":{"start":{"line":53,"column":24},"end":{"line":57,"column":1}},"7":{"start":{"line":54,"column":2},"end":{"line":56,"column":4}}},"fnMap":{"0":{"name":"(anonymous_0)","decl":{"start":{"line":11,"column":27},"end":{"line":11,"column":28}},"loc":{"start":{"line":11,"column":64},"end":{"line":51,"column":1}},"line":11},"1":{"name":"(anonymous_1)","decl":{"start":{"line":13,"column":15},"end":{"line":13,"column":16}},"loc":{"start":{"line":13,"column":21},"end":{"line":13,"column":52}},"line":13},"2":{"name":"(anonymous_2)","decl":{"start":{"line":48,"column":36},"end":{"line":48,"column":37}},"loc":{"start":{"line":48,"column":42},"end":{"line":48,"column":61}},"line":48},"3":{"name":"(anonymous_3)","decl":{"start":{"line":53,"column":24},"end":{"line":53,"column":25}},"loc":{"start":{"line":53,"column":75},"end":{"line":57,"column":1}},"line":53}},"branchMap":{},"s":{"0":2,"1":2,"2":2,"3":1,"4":2,"5":1,"6":2,"7":2},"f":{"0":2,"1":1,"2":1,"3":2},"b":{},"_coverageSchema":"1a1c01bbd47fc00a2c39e90264f33305004495a9","hash":"b5340ec0b19c844c0cd334ed67cad2ec092bbaf6"}
,"/Users/alexeyponomarev/Documents/projects/sceleton/src/screens/MovieDetails/index.ts": {"path":"/Users/alexeyponomarev/Documents/projects/sceleton/src/screens/MovieDetails/index.ts","statementMap":{},"fnMap":{},"branchMap":{},"s":{},"f":{},"b":{},"_coverageSchema":"1a1c01bbd47fc00a2c39e90264f33305004495a9","hash":"e4efafef86cb3f1a3d1f9f486e56057750735aa3"}
,"/Users/alexeyponomarev/Documents/projects/sceleton/src/screens/Movies/MoviesScreen.styles.ts": {"path":"/Users/alexeyponomarev/Documents/projects/sceleton/src/screens/Movies/MoviesScreen.styles.ts","statementMap":{"0":{"start":{"line":4,"column":22},"end":{"line":23,"column":2}}},"fnMap":{},"branchMap":{},"s":{"0":2},"f":{},"b":{},"_coverageSchema":"1a1c01bbd47fc00a2c39e90264f33305004495a9","hash":"f0217cffb28cc41e223a07cc787cad61b2059b8d"}
,"/Users/alexeyponomarev/Documents/projects/sceleton/src/screens/Movies/MoviesScreen.tsx": {"path":"/Users/alexeyponomarev/Documents/projects/sceleton/src/screens/Movies/MoviesScreen.tsx","statementMap":{"0":{"start":{"line":9,"column":21},"end":{"line":26,"column":1}},"1":{"start":{"line":10,"column":30},"end":{"line":10,"column":42}},"2":{"start":{"line":12,"column":2},"end":{"line":25,"column":4}}},"fnMap":{"0":{"name":"(anonymous_0)","decl":{"start":{"line":9,"column":21},"end":{"line":9,"column":22}},"loc":{"start":{"line":9,"column":27},"end":{"line":26,"column":1}},"line":9}},"branchMap":{},"s":{"0":2,"1":0,"2":0},"f":{"0":0},"b":{},"_coverageSchema":"1a1c01bbd47fc00a2c39e90264f33305004495a9","hash":"6dea960225ea3f7c50be2184adf2ec210afb6ab0"}
,"/Users/alexeyponomarev/Documents/projects/sceleton/src/screens/Movies/index.ts": {"path":"/Users/alexeyponomarev/Documents/projects/sceleton/src/screens/Movies/index.ts","statementMap":{},"fnMap":{},"branchMap":{},"s":{},"f":{},"b":{},"_coverageSchema":"1a1c01bbd47fc00a2c39e90264f33305004495a9","hash":"16c05fe26a76b4f1d8a156b06da78a17b1095cfb"}
}
