TN:
SF:App.tsx
FN:21,(anonymous_0)
FN:22,(anonymous_1)
FN:23,(anonymous_2)
FNF:3
FNH:2
FNDA:1,(anonymous_0)
FNDA:1,(anonymous_1)
FNDA:0,(anonymous_2)
DA:14,2
DA:19,2
DA:21,2
DA:22,1
DA:23,1
DA:24,0
DA:28,1
LF:7
LH:6
BRF:0
BRH:0
end_of_record
TN:
SF:services/api/api.ts
FN:11,(anonymous_0)
FN:12,(anonymous_1)
FN:23,(anonymous_2)
FN:25,(anonymous_3)
FNF:4
FNH:0
FNDA:0,(anonymous_0)
FNDA:0,(anonymous_1)
FNDA:0,(anonymous_2)
FNDA:0,(anonymous_3)
DA:4,2
DA:6,2
DA:10,2
DA:11,0
DA:13,0
DA:14,0
DA:23,2
DA:25,0
DA:26,0
DA:28,0
LF:10
LH:4
BRDA:13,0,0,0
BRDA:13,0,1,0
BRDA:23,1,0,0
BRF:3
BRH:0
end_of_record
TN:
SF:src/assets/images/spiral.webp
FNF:0
FNH:0
DA:1,1
LF:1
LH:1
BRF:0
BRH:0
end_of_record
TN:
SF:src/components/containers/MoviesList/MoviesList.styles.ts
FNF:0
FNH:0
DA:4,2
LF:1
LH:1
BRF:0
BRH:0
end_of_record
TN:
SF:src/components/containers/MoviesList/MoviesList.tsx
FN:23,(anonymous_0)
FN:27,(anonymous_1)
FN:31,(anonymous_2)
FN:32,(anonymous_3)
FN:35,(anonymous_4)
FN:38,(anonymous_5)
FN:41,(anonymous_6)
FN:45,(anonymous_7)
FN:71,(anonymous_8)
FN:79,(anonymous_9)
FNF:10
FNH:0
FNDA:0,(anonymous_0)
FNDA:0,(anonymous_1)
FNDA:0,(anonymous_2)
FNDA:0,(anonymous_3)
FNDA:0,(anonymous_4)
FNDA:0,(anonymous_5)
FNDA:0,(anonymous_6)
FNDA:0,(anonymous_7)
FNDA:0,(anonymous_8)
FNDA:0,(anonymous_9)
DA:23,2
DA:24,0
DA:25,0
DA:27,0
DA:28,0
DA:31,0
DA:32,0
DA:35,0
DA:37,0
DA:38,0
DA:41,0
DA:42,0
DA:45,0
DA:46,0
DA:64,0
DA:71,0
DA:79,2
DA:82,0
LF:18
LH:2
BRDA:37,0,0,0
BRDA:37,0,1,0
BRDA:37,1,0,0
BRDA:37,1,1,0
BRDA:46,2,0,0
BRDA:46,2,1,0
BRDA:46,3,0,0
BRDA:46,3,1,0
BRDA:49,4,0,0
BRDA:49,4,1,0
BRDA:55,5,0,0
BRDA:55,5,1,0
BRDA:64,6,0,0
BRDA:64,6,1,0
BRF:14
BRH:0
end_of_record
TN:
SF:src/components/containers/MoviesList/index.ts
FNF:0
FNH:0
LF:0
LH:0
BRF:0
BRH:0
end_of_record
TN:
SF:src/components/containers/MoviesListItem/MoviesListItem.styles.ts
FNF:0
FNH:0
DA:4,2
LF:1
LH:1
BRF:0
BRH:0
end_of_record
TN:
SF:src/components/containers/MoviesListItem/MoviesListItem.tsx
FN:12,(anonymous_0)
FN:15,(anonymous_1)
FNF:2
FNH:0
FNDA:0,(anonymous_0)
FNDA:0,(anonymous_1)
DA:12,2
DA:13,0
DA:15,0
DA:16,0
DA:19,0
LF:5
LH:1
BRF:0
BRH:0
end_of_record
TN:
SF:src/components/elements/Toast/Toast.styles.ts
FNF:0
FNH:0
DA:4,2
LF:1
LH:1
BRF:0
BRH:0
end_of_record
TN:
SF:src/components/elements/Toast/Toast.tsx
FN:20,(anonymous_0)
FN:23,(anonymous_1)
FN:28,(anonymous_2)
FN:40,(anonymous_3)
FN:47,(anonymous_4)
FN:48,(anonymous_5)
FN:77,(anonymous_6)
FNF:7
FNH:3
FNDA:1,(anonymous_0)
FNDA:0,(anonymous_1)
FNDA:0,(anonymous_2)
FNDA:1,(anonymous_3)
FNDA:0,(anonymous_4)
FNDA:0,(anonymous_5)
FNDA:1,(anonymous_6)
DA:13,2
DA:14,2
DA:20,2
DA:21,1
DA:23,1
DA:24,0
DA:28,1
DA:29,0
DA:33,0
DA:40,1
DA:41,1
DA:47,1
DA:48,0
DA:49,0
DA:52,0
DA:62,1
DA:63,0
DA:65,0
DA:71,1
DA:72,1
DA:73,1
DA:77,2
DA:78,1
LF:23
LH:15
BRDA:62,0,0,0
BRDA:62,0,1,1
BRF:2
BRH:1
end_of_record
TN:
SF:src/components/elements/Toast/index.ts
FNF:0
FNH:0
LF:0
LH:0
BRF:0
BRH:0
end_of_record
TN:
SF:src/components/layouts/BaseLayout/BaseLayout.styles.ts
FNF:0
FNH:0
DA:4,4
LF:1
LH:1
BRF:0
BRH:0
end_of_record
TN:
SF:src/components/layouts/BaseLayout/BaseLayout.tsx
FN:6,(anonymous_0)
FNF:1
FNH:1
FNDA:7,(anonymous_0)
DA:6,4
DA:7,7
LF:2
LH:2
BRDA:7,0,0,2
BRDA:7,0,1,5
BRF:2
BRH:2
end_of_record
TN:
SF:src/components/layouts/BaseLayout/index.ts
FNF:0
FNH:0
LF:0
LH:0
BRF:0
BRH:0
end_of_record
TN:
SF:src/constants/UIColors.ts
FNF:0
FNH:0
DA:1,4
DA:2,4
DA:3,4
DA:4,4
DA:5,4
DA:6,4
DA:7,4
DA:8,4
LF:8
LH:8
BRF:0
BRH:0
end_of_record
TN:
SF:src/constants/size.ts
FNF:0
FNH:0
DA:1,3
DA:2,3
LF:2
LH:2
BRF:0
BRH:0
end_of_record
TN:
SF:src/navigation/Navigation.tsx
FN:30,(anonymous_0)
FN:31,(anonymous_1)
FN:42,(anonymous_2)
FN:54,(anonymous_3)
FN:66,(anonymous_4)
FN:78,(anonymous_5)
FN:79,(anonymous_6)
FN:91,(anonymous_7)
FN:95,(anonymous_8)
FN:103,(anonymous_9)
FN:118,(anonymous_10)
FN:133,(anonymous_11)
FN:148,(anonymous_12)
FNF:13
FNH:8
FNDA:1,(anonymous_0)
FNDA:1,(anonymous_1)
FNDA:0,(anonymous_2)
FNDA:0,(anonymous_3)
FNDA:0,(anonymous_4)
FNDA:0,(anonymous_5)
FNDA:0,(anonymous_6)
FNDA:1,(anonymous_7)
FNDA:1,(anonymous_8)
FNDA:1,(anonymous_9)
FNDA:2,(anonymous_10)
FNDA:2,(anonymous_11)
FNDA:2,(anonymous_12)
DA:20,2
DA:21,2
DA:22,2
DA:24,2
DA:30,2
DA:31,1
DA:32,1
DA:42,1
DA:43,0
DA:54,1
DA:55,0
DA:66,1
DA:67,0
DA:78,1
DA:79,0
DA:80,0
DA:91,1
DA:92,1
DA:95,1
DA:103,1
DA:104,1
DA:119,2
DA:134,2
DA:149,2
DA:163,1
LF:25
LH:20
BRDA:123,0,0,1
BRDA:123,0,1,1
BRDA:138,1,0,1
BRDA:138,1,1,1
BRDA:153,2,0,1
BRDA:153,2,1,1
BRF:6
BRH:6
end_of_record
TN:
SF:src/navigation/index.ts
FNF:0
FNH:0
LF:0
LH:0
BRF:0
BRH:0
end_of_record
TN:
SF:src/navigation/components/CustomDrawer/CustomDrawer.styles.ts
FNF:0
FNH:0
DA:4,2
LF:1
LH:1
BRF:0
BRH:0
end_of_record
TN:
SF:src/navigation/components/CustomDrawer/CustomDrawer.tsx
FN:20,(anonymous_0)
FN:21,(anonymous_1)
FN:25,(anonymous_2)
FNF:3
FNH:2
FNDA:1,(anonymous_0)
FNDA:1,(anonymous_1)
FNDA:0,(anonymous_2)
DA:12,2
DA:20,2
DA:21,1
DA:22,1
DA:26,0
DA:33,1
LF:6
LH:5
BRF:0
BRH:0
end_of_record
TN:
SF:src/navigation/components/CustomDrawer/index.ts
FNF:0
FNH:0
LF:0
LH:0
BRF:0
BRH:0
end_of_record
TN:
SF:src/redux/index.ts
FNF:0
FNH:0
LF:0
LH:0
BRF:0
BRH:0
end_of_record
TN:
SF:src/redux/movies/actions.ts
FN:6,(anonymous_0)
FN:11,(anonymous_1)
FN:17,(anonymous_2)
FN:18,(anonymous_3)
FN:23,(anonymous_4)
FN:24,(anonymous_5)
FNF:6
FNH:0
FNDA:0,(anonymous_0)
FNDA:0,(anonymous_1)
FNDA:0,(anonymous_2)
FNDA:0,(anonymous_3)
FNDA:0,(anonymous_4)
FNDA:0,(anonymous_5)
DA:6,2
DA:11,2
DA:17,2
DA:18,0
DA:19,0
DA:20,0
DA:23,0
DA:24,0
LF:8
LH:3
BRDA:17,0,0,0
BRDA:17,1,0,0
BRF:2
BRH:0
end_of_record
TN:
SF:src/redux/movies/actionsTypes.ts
FNF:0
FNH:0
DA:1,2
DA:2,2
LF:2
LH:2
BRF:0
BRH:0
end_of_record
TN:
SF:src/redux/movies/moviesReducer.ts
FN:9,(anonymous_0)
FNF:1
FNH:1
FNDA:6,(anonymous_0)
DA:4,2
DA:9,2
DA:13,6
DA:15,0
DA:20,0
DA:25,6
LF:6
LH:4
BRDA:10,0,0,6
BRDA:13,1,0,0
BRDA:13,1,1,0
BRDA:13,1,2,6
BRF:4
BRH:2
end_of_record
TN:
SF:src/redux/toast/actions.ts
FN:7,(anonymous_0)
FN:9,(anonymous_1)
FN:20,(anonymous_2)
FNF:3
FNH:0
FNDA:0,(anonymous_0)
FNDA:0,(anonymous_1)
FNDA:0,(anonymous_2)
DA:5,2
DA:7,2
DA:8,0
DA:9,0
DA:10,0
DA:11,0
DA:14,0
DA:20,2
LF:8
LH:3
BRDA:8,0,0,0
BRDA:8,0,1,0
BRF:2
BRH:0
end_of_record
TN:
SF:src/redux/toast/actionsTypes.ts
FNF:0
FNH:0
DA:1,2
DA:2,2
LF:2
LH:2
BRF:0
BRH:0
end_of_record
TN:
SF:src/redux/toast/toastReduce.tsx
FN:6,(anonymous_0)
FN:11,(anonymous_1)
FNF:2
FNH:1
FNDA:6,(anonymous_0)
FNDA:0,(anonymous_1)
DA:4,2
DA:6,2
DA:7,6
DA:9,0
DA:11,0
DA:13,6
LF:6
LH:4
BRDA:6,0,0,6
BRDA:7,1,0,0
BRDA:7,1,1,0
BRDA:7,1,2,6
BRF:4
BRH:2
end_of_record
TN:
SF:src/screens/About/AboutScreen.styles.ts
FNF:0
FNH:0
DA:4,2
LF:1
LH:1
BRF:0
BRH:0
end_of_record
TN:
SF:src/screens/About/AboutScreen.tsx
FN:10,(anonymous_0)
FNF:1
FNH:0
FNDA:0,(anonymous_0)
DA:10,2
DA:11,0
LF:2
LH:1
BRF:0
BRH:0
end_of_record
TN:
SF:src/screens/About/index.ts
FNF:0
FNH:0
LF:0
LH:0
BRF:0
BRH:0
end_of_record
TN:
SF:src/screens/Animation/Animation.styles.ts
FNF:0
FNH:0
DA:4,3
LF:1
LH:1
BRF:0
BRH:0
end_of_record
TN:
SF:src/screens/Animation/AnimationScreen.tsx
FN:21,(anonymous_0)
FN:32,(anonymous_1)
FN:34,(anonymous_2)
FN:36,(anonymous_3)
FN:42,(anonymous_4)
FN:64,(anonymous_5)
FN:86,(anonymous_6)
FN:95,(anonymous_7)
FN:102,(anonymous_8)
FN:109,(anonymous_9)
FN:116,(anonymous_10)
FN:127,(anonymous_11)
FN:140,(anonymous_12)
FN:178,(anonymous_13)
FN:179,(anonymous_14)
FNF:15
FNH:2
FNDA:1,(anonymous_0)
FNDA:1,(anonymous_1)
FNDA:0,(anonymous_2)
FNDA:0,(anonymous_3)
FNDA:0,(anonymous_4)
FNDA:0,(anonymous_5)
FNDA:0,(anonymous_6)
FNDA:0,(anonymous_7)
FNDA:0,(anonymous_8)
FNDA:0,(anonymous_9)
FNDA:0,(anonymous_10)
FNDA:0,(anonymous_11)
FNDA:0,(anonymous_12)
FNDA:0,(anonymous_13)
FNDA:0,(anonymous_14)
DA:19,3
DA:21,3
DA:22,1
DA:23,1
DA:27,1
DA:28,1
DA:29,1
DA:30,1
DA:32,1
DA:33,1
DA:34,0
DA:37,0
DA:43,0
DA:44,0
DA:45,0
DA:47,0
DA:53,0
DA:55,0
DA:58,0
DA:65,0
DA:66,0
DA:68,0
DA:74,0
DA:78,0
DA:80,0
DA:86,1
DA:87,0
DA:95,1
DA:96,0
DA:97,0
DA:99,0
DA:102,1
DA:103,0
DA:104,0
DA:106,0
DA:109,1
DA:110,0
DA:111,0
DA:113,0
DA:116,1
DA:117,0
DA:118,0
DA:120,0
DA:127,1
DA:128,0
DA:131,0
DA:132,0
DA:134,0
DA:140,1
DA:141,0
DA:144,1
DA:149,1
DA:154,1
DA:159,1
DA:164,1
DA:169,1
DA:174,1
DA:179,0
LF:58
LH:24
BRDA:47,0,0,0
BRDA:47,0,1,0
BRDA:48,1,0,0
BRDA:48,1,1,0
BRDA:48,1,2,0
BRDA:48,1,3,0
BRDA:68,2,0,0
BRDA:68,2,1,0
BRDA:69,3,0,0
BRDA:69,3,1,0
BRDA:69,3,2,0
BRDA:69,3,3,0
BRF:12
BRH:0
end_of_record
TN:
SF:src/screens/Animation/index.ts
FNF:0
FNH:0
LF:0
LH:0
BRF:0
BRH:0
end_of_record
TN:
SF:src/screens/Home/HomeScreen.styles.ts
FNF:0
FNH:0
DA:4,3
LF:1
LH:1
BRF:0
BRH:0
end_of_record
TN:
SF:src/screens/Home/HomeScreen.tsx
FN:7,(anonymous_0)
FN:13,(anonymous_1)
FNF:2
FNH:2
FNDA:4,(anonymous_0)
FNDA:1,(anonymous_1)
DA:7,3
DA:8,4
DA:10,4
DA:13,1
LF:4
LH:4
BRF:0
BRH:0
end_of_record
TN:
SF:src/screens/Home/index.ts
FNF:0
FNH:0
LF:0
LH:0
BRF:0
BRH:0
end_of_record
TN:
SF:src/screens/MovieDetails/MovieDetails.styles.ts
FNF:0
FNH:0
DA:4,2
LF:1
LH:1
BRF:0
BRH:0
end_of_record
TN:
SF:src/screens/MovieDetails/MovieDetailsScreen.tsx
FN:11,(anonymous_0)
FN:13,(anonymous_1)
FN:48,(anonymous_2)
FN:53,(anonymous_3)
FNF:4
FNH:4
FNDA:2,(anonymous_0)
FNDA:1,(anonymous_1)
FNDA:1,(anonymous_2)
FNDA:2,(anonymous_3)
DA:11,2
DA:12,2
DA:13,2
DA:14,2
DA:48,1
DA:53,2
DA:54,2
LF:7
LH:7
BRF:0
BRH:0
end_of_record
TN:
SF:src/screens/MovieDetails/index.ts
FNF:0
FNH:0
LF:0
LH:0
BRF:0
BRH:0
end_of_record
TN:
SF:src/screens/Movies/MoviesScreen.styles.ts
FNF:0
FNH:0
DA:4,2
LF:1
LH:1
BRF:0
BRH:0
end_of_record
TN:
SF:src/screens/Movies/MoviesScreen.tsx
FN:9,(anonymous_0)
FNF:1
FNH:0
FNDA:0,(anonymous_0)
DA:9,2
DA:10,0
DA:12,0
LF:3
LH:1
BRF:0
BRH:0
end_of_record
TN:
SF:src/screens/Movies/index.ts
FNF:0
FNH:0
LF:0
LH:0
BRF:0
BRH:0
end_of_record
